{"/home/mario/Workspace/trainingGrounds/express-mongoose/app.js":{"path":"/home/mario/Workspace/trainingGrounds/express-mongoose/app.js","s":{"1":1,"2":1,"3":1,"4":1,"5":1,"6":1,"7":1,"8":1,"9":1,"10":1,"11":1,"12":1,"13":1},"b":{},"f":{},"fnMap":{},"statementMap":{"1":{"start":{"line":1,"column":0},"end":{"line":1,"column":35}},"2":{"start":{"line":2,"column":0},"end":{"line":2,"column":42}},"3":{"start":{"line":3,"column":0},"end":{"line":3,"column":40}},"4":{"start":{"line":5,"column":0},"end":{"line":5,"column":22}},"5":{"start":{"line":6,"column":0},"end":{"line":6,"column":32}},"6":{"start":{"line":9,"column":0},"end":{"line":9,"column":52}},"7":{"start":{"line":11,"column":0},"end":{"line":11,"column":27}},"8":{"start":{"line":13,"column":0},"end":{"line":13,"column":39}},"9":{"start":{"line":14,"column":0},"end":{"line":14,"column":69}},"10":{"start":{"line":16,"column":0},"end":{"line":16,"column":23}},"11":{"start":{"line":17,"column":0},"end":{"line":17,"column":21}},"12":{"start":{"line":20,"column":0},"end":{"line":20,"column":18}},"13":{"start":{"line":22,"column":0},"end":{"line":22,"column":21}}},"branchMap":{}},"/home/mario/Workspace/trainingGrounds/express-mongoose/src/models/index.js":{"path":"/home/mario/Workspace/trainingGrounds/express-mongoose/src/models/index.js","s":{"1":1},"b":{},"f":{},"fnMap":{},"statementMap":{"1":{"start":{"line":1,"column":0},"end":{"line":3,"column":2}}},"branchMap":{}},"/home/mario/Workspace/trainingGrounds/express-mongoose/src/models/pets.js":{"path":"/home/mario/Workspace/trainingGrounds/express-mongoose/src/models/pets.js","s":{"1":1,"2":1,"3":1,"4":1,"5":1,"6":1,"7":0,"8":0,"9":1},"b":{},"f":{},"fnMap":{},"statementMap":{"1":{"start":{"line":1,"column":0},"end":{"line":1,"column":46}},"2":{"start":{"line":2,"column":0},"end":{"line":2,"column":48}},"3":{"start":{"line":4,"column":0},"end":{"line":23,"column":3}},"4":{"start":{"line":25,"column":0},"end":{"line":25,"column":28}},"5":{"start":{"line":27,"column":0},"end":{"line":27,"column":41}},"6":{"start":{"line":29,"column":0},"end":{"line":32,"column":2}},"7":{"start":{"line":30,"column":2},"end":{"line":30,"column":40}},"8":{"start":{"line":31,"column":2},"end":{"line":31,"column":26}},"9":{"start":{"line":34,"column":0},"end":{"line":34,"column":26}}},"branchMap":{}},"/home/mario/Workspace/trainingGrounds/express-mongoose/src/api/controllers/index.js":{"path":"/home/mario/Workspace/trainingGrounds/express-mongoose/src/api/controllers/index.js","s":{"1":1,"2":1,"3":1,"4":1},"b":{},"f":{},"fnMap":{},"statementMap":{"1":{"start":{"line":1,"column":0},"end":{"line":6,"column":3}},"2":{"start":{"line":1,"column":38},"end":{"line":6,"column":1}},"3":{"start":{"line":3,"column":4},"end":{"line":3,"column":41}},"4":{"start":{"line":4,"column":4},"end":{"line":4,"column":38}}},"branchMap":{}},"/home/mario/Workspace/trainingGrounds/express-mongoose/src/api/controllers/version.js":{"path":"/home/mario/Workspace/trainingGrounds/express-mongoose/src/api/controllers/version.js","s":{"1":1,"2":1,"3":1},"b":{},"f":{},"fnMap":{},"statementMap":{"1":{"start":{"line":1,"column":0},"end":{"line":7,"column":2}},"2":{"start":{"line":2,"column":2},"end":{"line":6,"column":5}},"3":{"start":{"line":3,"column":4},"end":{"line":5,"column":7}}},"branchMap":{}},"/home/mario/Workspace/trainingGrounds/express-mongoose/src/api/controllers/schemas/pets.js":{"path":"/home/mario/Workspace/trainingGrounds/express-mongoose/src/api/controllers/schemas/pets.js","s":{"1":1,"2":1,"3":1},"b":{},"f":{},"fnMap":{},"statementMap":{"1":{"start":{"line":1,"column":0},"end":{"line":1,"column":27}},"2":{"start":{"line":3,"column":0},"end":{"line":10,"column":2}},"3":{"start":{"line":12,"column":0},"end":{"line":12,"column":27}}},"branchMap":{}},"/home/mario/Workspace/trainingGrounds/express-mongoose/db/index.js":{"path":"/home/mario/Workspace/trainingGrounds/express-mongoose/db/index.js","s":{"1":1,"2":1,"3":1,"4":1,"5":0,"6":0,"7":1,"8":1,"9":1},"b":{},"f":{},"fnMap":{},"statementMap":{"1":{"start":{"line":1,"column":0},"end":{"line":1,"column":37}},"2":{"start":{"line":3,"column":0},"end":{"line":5,"column":3}},"3":{"start":{"line":4,"column":2},"end":{"line":4,"column":48}},"4":{"start":{"line":7,"column":0},"end":{"line":10,"column":3}},"5":{"start":{"line":8,"column":2},"end":{"line":8,"column":45}},"6":{"start":{"line":9,"column":2},"end":{"line":9,"column":18}},"7":{"start":{"line":12,"column":0},"end":{"line":15,"column":2}},"8":{"start":{"line":13,"column":17},"end":{"line":13,"column":96}},"9":{"start":{"line":14,"column":15},"end":{"line":14,"column":42}}},"branchMap":{}}}