TN:
SF:/home/mario/Workspace/trainingGrounds/express-mongoose/app.js
FNF:0
FNH:0
DA:1,1
DA:2,1
DA:3,1
DA:5,1
DA:6,1
DA:9,1
DA:11,1
DA:13,1
DA:14,1
DA:16,1
DA:17,1
DA:20,1
DA:22,1
LF:13
LH:13
BRF:0
BRH:0
end_of_record
TN:
SF:/home/mario/Workspace/trainingGrounds/express-mongoose/src/models/index.js
FNF:0
FNH:0
DA:1,1
LF:1
LH:1
BRF:0
BRH:0
end_of_record
TN:
SF:/home/mario/Workspace/trainingGrounds/express-mongoose/src/models/pets.js
FNF:0
FNH:0
DA:1,1
DA:2,1
DA:4,1
DA:25,1
DA:27,1
DA:29,1
DA:30,0
DA:31,0
DA:34,1
LF:9
LH:7
BRF:0
BRH:0
end_of_record
TN:
SF:/home/mario/Workspace/trainingGrounds/express-mongoose/src/api/controllers/index.js
FNF:0
FNH:0
DA:1,1
DA:3,1
DA:4,1
LF:3
LH:3
BRF:0
BRH:0
end_of_record
TN:
SF:/home/mario/Workspace/trainingGrounds/express-mongoose/src/api/controllers/version.js
FNF:0
FNH:0
DA:1,1
DA:2,1
DA:3,1
LF:3
LH:3
BRF:0
BRH:0
end_of_record
TN:
SF:/home/mario/Workspace/trainingGrounds/express-mongoose/src/api/controllers/schemas/pets.js
FNF:0
FNH:0
DA:1,1
DA:3,1
DA:12,1
LF:3
LH:3
BRF:0
BRH:0
end_of_record
TN:
SF:/home/mario/Workspace/trainingGrounds/express-mongoose/db/index.js
FNF:0
FNH:0
DA:1,1
DA:3,1
DA:4,1
DA:7,1
DA:8,0
DA:9,0
DA:12,1
DA:13,1
DA:14,1
LF:9
LH:7
BRF:0
BRH:0
end_of_record
